
INFO:root:04Mar2013,10:08: Starting Gateway
INFO:root:04Mar2013,10:08: connecting to host: 184.164.136.144
INFO:root:04Mar2013,10:08 Gateway recv starting.
INFO:root:04Mar2013,10:08: Gateway queue starting.
INFO:root:04Mar2013,10:08: Gateway send starting.
INFO:root:04Mar2013,10:09 recv msg: {'status': 'REC UNREAD', 'index': 0, 'message': 'test', 'sender': '09186709817', 'time': 1362362937.0}.
INFO:root:04Mar2013,10:09 recv msg: {'status': 'REC UNREAD', 'index': 0, 'message': 'ads info 81', 'sender': '09186709817', 'time': 1362362947.0}.
INFO:root:04Mar2013,10:09: Starting Gateway
INFO:root:04Mar2013,10:09: connecting to host: 184.164.136.144
INFO:root:04Mar2013,10:09 Gateway recv starting.
INFO:root:04Mar2013,10:09: Gateway queue starting.
INFO:root:04Mar2013,10:09: Gateway send starting.
INFO:root:04Mar2013,10:10 recv msg: {'status': 'REC UNREAD', 'index': 0, 'message': 'ads info 81', 'sender': '09186709817', 'time': 1362363013.0}.
INFO:root:04Mar2013,10:10: message queued.
INFO:root:04Mar2013,10:10: dequeue: {"message": "command error", "id": 1362363016.805148, "number": "09186709817"}
INFO:root:04Mar2013,10:10: sending....
INFO:root:04Mar2013,10:10: sent msg#: 1362363016.81
INFO:root:04Mar2013,10:10 recv msg: {'status': 'REC UNREAD', 'index': 0, 'message': 'test', 'sender': '09186709817', 'time': 1362363044.0}.
INFO:root:04Mar2013,10:10: message queued.
INFO:root:04Mar2013,10:10: dequeue: {"message": "command error", "id": 1362363047.824782, "number": "09186709817"}
INFO:root:04Mar2013,10:10: sending....
INFO:root:04Mar2013,10:10: sent msg#: 1362363047.82
INFO:root:04Mar2013,10:11 recv msg: {'status': 'REC UNREAD', 'index': 0, 'message': 'ads info 81', 'sender': '09186709817', 'time': 1362363072.0}.
INFO:root:04Mar2013,10:11: message queued.
INFO:root:04Mar2013,10:11: dequeue: {"message": "command error", "id": 1362363076.30284, "number": "09186709817"}
INFO:root:04Mar2013,10:11: sending....
INFO:root:04Mar2013,10:11: sent msg#: 1362363076.3
INFO:root:04Mar2013,10:11 recv msg: {'status': 'REC UNREAD', 'index': 0, 'message': 'ads info 81', 'sender': '09186709817', 'time': 1362363115.0}.
INFO:root:04Mar2013,10:11: message queued.
INFO:root:04Mar2013,10:11: dequeue: {"message": "Mon Mar  4 10:11:58 2013 \nOrder#: 81\nbalance: 483.6\ndue date: Unclaimed", "id": 1362363118.978655, "number": "09186709817"}
INFO:root:04Mar2013,10:11: sending....
INFO:root:04Mar2013,10:12: sent msg#: 1362363118.98
INFO:root:04Mar2013,10:12 recv msg: {'status': 'REC UNREAD', 'index': 0, 'message': 'test', 'sender': '09186709817', 'time': 1362363135.0}.
INFO:root:04Mar2013,10:12: message queued.
INFO:root:04Mar2013,10:12: dequeue: {"message": "command error", "id": 1362363138.66862, "number": "09186709817"}
INFO:root:04Mar2013,10:12: sending....
INFO:root:04Mar2013,10:12: sent msg#: 1362363138.67
INFO:root:04Mar2013,10:13 recv msg: {'status': 'REC UNREAD', 'index': 0, 'message': 'ads info 812', 'sender': '09186709817', 'time': 1362363218.0}.
INFO:root:04Mar2013,10:16 recv msg: {'status': 'REC UNREAD', 'index': 0, 'message': 'ads info 812', 'sender': '09186709817', 'time': 1362363389.0}.
INFO:root:04Mar2013,10:17 recv msg: {'status': 'REC UNREAD', 'index': 0, 'message': 'ads info 812', 'sender': '09186709817', 'time': 1362363462.0}.
INFO:root:04Mar2013,10:18 recv msg: {'status': 'REC UNREAD', 'index': 0, 'message': 'ads info 81', 'sender': '09186709817', 'time': 1362363481.0}.
INFO:root:04Mar2013,10:18: Starting Gateway
INFO:root:04Mar2013,10:18: connecting to host: 184.164.136.144
INFO:root:04Mar2013,10:18 Gateway recv starting.
INFO:root:04Mar2013,10:18: Gateway queue starting.
INFO:root:04Mar2013,10:18: Gateway send starting.
INFO:root:04Mar2013,10:18 recv msg: {'status': 'REC UNREAD', 'index': 0, 'message': 'test', 'sender': '09186709817', 'time': 1362363524.0}.
INFO:root:04Mar2013,10:18: message queued.
INFO:root:04Mar2013,10:18: dequeue: {"message": "command error", "id": 1362363527.522755, "number": "09186709817"}
INFO:root:04Mar2013,10:18: sending....
INFO:root:04Mar2013,10:18: sent msg#: 1362363527.52
INFO:root:04Mar2013,10:19 recv msg: {'status': 'REC UNREAD', 'index': 0, 'message': 'ads info 81', 'sender': '09186709817', 'time': 1362363542.0}.
INFO:root:04Mar2013,10:19: message queued.
INFO:root:04Mar2013,10:19: dequeue: {"message": "Mon Mar  4 10:19:05 2013 \nOrder#: 81\nbalance: 483.6\ndue date: Unclaimed", "id": 1362363545.690435, "number": "09186709817"}
INFO:root:04Mar2013,10:19: sending....
INFO:root:04Mar2013,10:19: sent msg#: 1362363545.69
INFO:root:04Mar2013,10:19 recv msg: {'status': 'REC UNREAD', 'index': 0, 'message': 'ads info 812', 'sender': '09186709817', 'time': 1362363568.0}.
INFO:root:04Mar2013,10:19: message queued.
INFO:root:04Mar2013,10:19: dequeue: {"message": "Order does not exist", "id": 1362363572.155771, "number": "09186709817"}
INFO:root:04Mar2013,10:19: sending....
INFO:root:04Mar2013,10:19: sent msg#: 1362363572.16
INFO:root:04Mar2013,10:20 recv msg: {'status': 'REC UNREAD', 'index': 0, 'message': 'Ads info 10', 'sender': '09186709817', 'time': 1362363605.0}.
INFO:root:04Mar2013,10:20: message queued.
INFO:root:04Mar2013,10:20: dequeue: {"message": "Mon Mar  4 10:20:08 2013 \nOrder#: 10\nbalance: Php3,685.50\ndue date: 03/08/2013", "id": 1362363608.763416, "number": "09186709817"}
INFO:root:04Mar2013,10:20: sending....
INFO:root:04Mar2013,10:20: sent msg#: 1362363608.76
INFO:root:04Mar2013,10:32 recv msg: {'status': 'REC UNREAD', 'index': 0, 'message': 'Ads info 10', 'sender': '09186709817', 'time': 1362364332.0}.
INFO:root:04Mar2013,10:32: Starting Gateway
INFO:root:04Mar2013,10:32: connecting to host: 184.164.136.144
INFO:root:04Mar2013,10:32 Gateway recv starting.
INFO:root:04Mar2013,10:32: Gateway queue starting.
INFO:root:04Mar2013,10:32: Gateway send starting.
INFO:root:04Mar2013,10:32 recv msg: {'status': 'REC UNREAD', 'index': 0, 'message': 'Ads info 10', 'sender': '09186709817', 'time': 1362364370.0}.
INFO:root:04Mar2013,10:34 recv msg: {'status': 'REC UNREAD', 'index': 0, 'message': 'Ads info 10', 'sender': '09186709817', 'time': 1362364441.0}.
INFO:root:04Mar2013,10:34: message queued.
INFO:root:04Mar2013,10:34: dequeue: {"message": "Mon Mar  4 10:34:04 2013 \nOrder#: 10\nbalance: Php3,685.50\ndue date: 03/08/2013", "id": 1362364444.449161, "number": "09186709817"}
INFO:root:04Mar2013,10:34: sending....
INFO:root:04Mar2013,10:34: sent msg#: 1362364444.45
INFO:root:04Mar2013,10:35 recv msg: {'status': 'REC UNREAD', 'index': 0, 'message': 'Ads info 10', 'sender': '09186709817', 'time': 1362364542.0}.
INFO:root:04Mar2013,10:35: message queued.
INFO:root:04Mar2013,10:35: dequeue: {"message": "Mon Mar  4 10:35:46 2013 \nOrder#: 10\nbalance: Php3,685.50\ndue date: 03/08/2013", "id": 1362364546.03042, "number": "09186709817"}
INFO:root:04Mar2013,10:35: sending....
INFO:root:04Mar2013,10:35: sent msg#: 1362364546.03
INFO:root:04Mar2013,10:36 recv msg: {'status': 'REC UNREAD', 'index': 0, 'message': 'ads info 812', 'sender': '09186709817', 'time': 1362364576.0}.
INFO:root:04Mar2013,10:36: message queued.
INFO:root:04Mar2013,10:36: dequeue: {"message": "Order does not exist", "id": 1362364579.604579, "number": "09186709817"}
INFO:root:04Mar2013,10:36: sending....
INFO:root:04Mar2013,10:36: sent msg#: 1362364579.6
INFO:root:04Mar2013,10:36 recv msg: {'status': 'REC UNREAD', 'index': 0, 'message': 'ads info 812', 'sender': '09186709817', 'time': 1362364604.0}.
INFO:root:04Mar2013,10:36: message queued.
INFO:root:04Mar2013,10:36: dequeue: {"message": "Order does not exist", "id": 1362364607.561916, "number": "09186709817"}
INFO:root:04Mar2013,10:36: sending....
INFO:root:04Mar2013,10:36: sent msg#: 1362364607.56
INFO:root:04Mar2013,10:37 recv msg: {'status': 'REC UNREAD', 'index': 0, 'message': 'ads info 81', 'sender': '09186709817', 'time': 1362364633.0}.
INFO:root:04Mar2013,10:37: message queued.
INFO:root:04Mar2013,10:37: dequeue: {"message": "Mon Mar  4 10:37:17 2013 \nOrder#: 81\nbalance: 483.6\ndue date: Unclaimed", "id": 1362364637.060337, "number": "09186709817"}
INFO:root:04Mar2013,10:37: sending....
INFO:root:04Mar2013,10:37: sent msg#: 1362364637.06
INFO:root:04Mar2013,10:38 recv msg: {'status': 'REC UNREAD', 'index': 0, 'message': 'ads stock 15', 'sender': '09186709817', 'time': 1362364695.0}.
INFO:root:04Mar2013,10:38: message queued.
INFO:root:04Mar2013,10:38: dequeue: {"message": "Stock #15 has only 5 item/s left.", "id": 1362364698.702969, "number": "09186709817"}
INFO:root:04Mar2013,10:38: sending....
INFO:root:04Mar2013,10:38: sent msg#: 1362364698.7
INFO:root:04Mar2013,10:38 recv msg: {'status': 'REC UNREAD', 'index': 0, 'message': 'ads stock 600', 'sender': '09186709817', 'time': 1362364730.0}.
INFO:root:04Mar2013,10:38: message queued.
INFO:root:04Mar2013,10:38: dequeue: {"message": "Stock #600 has only 30 item/s left.", "id": 1362364734.009185, "number": "09186709817"}
INFO:root:04Mar2013,10:38: sending....
INFO:root:04Mar2013,10:38: sent msg#: 1362364734.01
